{
  "RSpec": {
    "coverage": {
      "/home/saasbook/Work/Project/group6/WebComic_Rating_Service/app/models/user.rb": [
        null,
        1,
        null,
        null,
        1,
        null,
        null,
        1,
        null,
        null,
        null,
        null
      ],
      "/home/saasbook/Work/Project/group6/WebComic_Rating_Service/app/helpers/application_helper.rb": [
        1,
        null
      ],
      "/home/saasbook/Work/Project/group6/WebComic_Rating_Service/app/helpers/comics_helper.rb": [
        1,
        null
      ]
    },
    "timestamp": 1428108305
  },
  "Cucumber Features": {
    "coverage": {
      "/home/saasbook/Work/Project/group6/WebComic_Rating_Service/app/models/user.rb": [
        null,
        1,
        null,
        null,
        1,
        null,
        null,
        1,
        null,
        null,
        null,
        null
      ],
      "/home/saasbook/Work/Project/group6/WebComic_Rating_Service/app/controllers/comics_controller.rb": [
        1,
        1,
        null,
        null,
        null,
        1,
        null,
        46,
        null,
        null,
        null,
        null,
        1,
        null,
        null,
        null,
        1,
        8,
        null,
        null,
        null,
        1,
        null,
        null,
        null,
        null,
        1,
        null,
        5,
        null,
        null,
        5,
        5,
        2,
        null,
        4,
        0,
        0,
        null,
        0,
        0,
        0,
        null,
        0,
        0,
        null,
        null,
        null,
        4,
        2,
        null,
        3,
        2,
        2,
        4,
        2,
        null,
        0,
        0,
        null,
        null,
        2,
        null,
        null,
        null,
        null,
        null,
        null,
        null,
        null,
        null,
        null,
        1,
        0,
        0,
        0,
        0,
        null,
        0,
        0,
        0,
        null,
        0,
        0,
        null,
        null,
        null,
        0,
        0,
        null,
        0,
        0,
        0,
        0,
        0,
        null,
        0,
        0,
        null,
        null,
        0,
        null,
        null,
        null,
        null,
        null,
        null,
        null,
        null,
        1,
        0,
        0,
        0,
        0,
        null,
        null,
        null,
        1,
        null,
        1,
        2,
        null,
        null,
        null,
        1,
        5,
        null,
        null
      ],
      "/home/saasbook/Work/Project/group6/WebComic_Rating_Service/app/controllers/application_controller.rb": [
        1,
        null,
        null,
        null,
        1,
        null,
        1,
        null,
        1,
        null,
        1,
        38,
        28,
        27,
        null,
        null
      ],
      "/home/saasbook/Work/Project/group6/WebComic_Rating_Service/app/helpers/application_helper.rb": [
        1,
        null
      ],
      "/home/saasbook/Work/Project/group6/WebComic_Rating_Service/app/helpers/comics_helper.rb": [
        1,
        null
      ],
      "/home/saasbook/Work/Project/group6/WebComic_Rating_Service/app/models/comic.rb": [
        null,
        1,
        null
      ]
    },
    "timestamp": 1428719321
  }
}
